<?xml version="1.0" encoding="UTF-8" standalone="yes" ?>
<test-results name="D:\dev\delphi\projects\Tanq\bin\TanqTests.exe" total="8" errors="0" failures="0" ignored="0" inconclusive="0" not-run="0" skipped="0" invalid="0" date="2025-12-15" time="4.786">
  <culture-info current-culture="en" current-uiculture="en" />
  <test-suite type="Assembly" name="TanqTests.exe" executed="true" result="Success" success="True" time="4.786" asserts="0">
    <results>
        <test-suite type="Namespace" name="AbastecimentoServiceTests" executed="true" result="Success" success="True" time="4.786" asserts="0" >
          <results>
              <test-suite type="Fixture" name="TAbastecimentoServiceTests" executed="True" result="Success" success="True" time="4.786" >
                <results>
                  <test-case name="CalcularResumo_ComDadosValidos_CalculaValores" executed="True" result="Success" success="True" time="0.000" asserts="0" />
                  <test-case name="Registrar_ComDadosValidos_SalvaComMovimentoECommit" executed="True" result="Success" success="True" time="0.000" asserts="0" />
                  <test-case name="Registrar_QuantidadeMaiorQueEstoque_DisparaErroERollback" executed="True" result="Success" success="True" time="1.247" asserts="0" />
                  <test-case name="Registrar_BombaInvalida_DisparaErro" executed="True" result="Success" success="True" time="0.517" asserts="0" />
                  <test-case name="Registrar_TanqueInvalido_DisparaErro" executed="True" result="Success" success="True" time="0.439" asserts="0" />
                  <test-case name="Registrar_CombustivelNaoConfigurado_DisparaErro" executed="True" result="Success" success="True" time="0.453" asserts="0" />
                  <test-case name="Registrar_EntradaInvalida_DisparaErroSemTransacao" executed="True" result="Success" success="True" time="2.129" asserts="0" />
                  <test-case name="CalcularResumo_ArredondamentoDuasCasas" executed="True" result="Success" success="True" time="0.000" asserts="0" />
                </results>
              </test-suite>
          </results>
        </test-suite>
    </results>
  </test-suite>
</test-results>
